0 info it worked if it ends with ok
1 verbose cli [ 'C:\\Program Files\\nodejs\\node.exe',
1 verbose cli   'C:\\Program Files\\nodejs\\node_modules\\npm\\bin\\npm-cli.js',
1 verbose cli   'install',
1 verbose cli   'time' ]
2 info using npm@3.10.10
3 info using node@v6.11.1
4 silly loadCurrentTree Starting
5 silly install loadCurrentTree
6 silly install readLocalPackageData
7 silly fetchPackageMetaData time
8 silly fetchNamedPackageData time
9 silly mapToRegistry name time
10 silly mapToRegistry using default registry
11 silly mapToRegistry registry https://registry.npmjs.org/
12 silly mapToRegistry data Result {
12 silly mapToRegistry   raw: 'time',
12 silly mapToRegistry   scope: null,
12 silly mapToRegistry   escapedName: 'time',
12 silly mapToRegistry   name: 'time',
12 silly mapToRegistry   rawSpec: '',
12 silly mapToRegistry   spec: 'latest',
12 silly mapToRegistry   type: 'tag' }
13 silly mapToRegistry uri https://registry.npmjs.org/time
14 verbose request uri https://registry.npmjs.org/time
15 verbose request no auth needed
16 info attempt registry request try #1 at 08:05:01
17 verbose request id 8468b6ac84446baa
18 verbose etag W/"5982f1d3-ab7e"
19 verbose lastModified Thu, 03 Aug 2017 09:50:11 GMT
20 http request GET https://registry.npmjs.org/time
21 http 304 https://registry.npmjs.org/time
22 verbose headers { date: 'Sun, 19 Nov 2017 10:05:05 GMT',
22 verbose headers   via: '1.1 varnish',
22 verbose headers   'cache-control': 'max-age=300',
22 verbose headers   etag: 'W/"5982f1d3-ab7e"',
22 verbose headers   age: '50',
22 verbose headers   connection: 'keep-alive',
22 verbose headers   'x-served-by': 'cache-gru17133-GRU',
22 verbose headers   'x-cache': 'HIT',
22 verbose headers   'x-cache-hits': '1',
22 verbose headers   'x-timer': 'S1511085905.130484,VS0,VE0',
22 verbose headers   vary: 'Accept-Encoding, Accept' }
23 silly get cb [ 304,
23 silly get   { date: 'Sun, 19 Nov 2017 10:05:05 GMT',
23 silly get     via: '1.1 varnish',
23 silly get     'cache-control': 'max-age=300',
23 silly get     etag: 'W/"5982f1d3-ab7e"',
23 silly get     age: '50',
23 silly get     connection: 'keep-alive',
23 silly get     'x-served-by': 'cache-gru17133-GRU',
23 silly get     'x-cache': 'HIT',
23 silly get     'x-cache-hits': '1',
23 silly get     'x-timer': 'S1511085905.130484,VS0,VE0',
23 silly get     vary: 'Accept-Encoding, Accept' } ]
24 verbose etag https://registry.npmjs.org/time from cache
25 verbose get saving time to C:\Users\Breno\AppData\Roaming\npm-cache\registry.npmjs.org\time\.cache.json
26 verbose correctMkdir C:\Users\Breno\AppData\Roaming\npm-cache correctMkdir not in flight; initializing
27 silly install normalizeTree
28 silly loadCurrentTree Finishing
29 silly loadIdealTree Starting
30 silly install loadIdealTree
31 silly cloneCurrentTree Starting
32 silly install cloneCurrentTreeToIdealTree
33 silly cloneCurrentTree Finishing
34 silly loadShrinkwrap Starting
35 silly install loadShrinkwrap
36 silly loadShrinkwrap Finishing
37 silly loadAllDepsIntoIdealTree Starting
38 silly install loadAllDepsIntoIdealTree
39 silly resolveWithNewModule time@0.12.0 checking installable status
40 silly cache add args [ 'time', null ]
41 verbose cache add spec time
42 silly cache add parsed spec Result {
42 silly cache add   raw: 'time',
42 silly cache add   scope: null,
42 silly cache add   escapedName: 'time',
42 silly cache add   name: 'time',
42 silly cache add   rawSpec: '',
42 silly cache add   spec: 'latest',
42 silly cache add   type: 'tag' }
43 silly addNamed time@latest
44 verbose addNamed "latest" is being treated as a dist-tag for time
45 info addNameTag [ 'time', 'latest' ]
46 silly mapToRegistry name time
47 silly mapToRegistry using default registry
48 silly mapToRegistry registry https://registry.npmjs.org/
49 silly mapToRegistry data Result {
49 silly mapToRegistry   raw: 'time',
49 silly mapToRegistry   scope: null,
49 silly mapToRegistry   escapedName: 'time',
49 silly mapToRegistry   name: 'time',
49 silly mapToRegistry   rawSpec: '',
49 silly mapToRegistry   spec: 'latest',
49 silly mapToRegistry   type: 'tag' }
50 silly mapToRegistry uri https://registry.npmjs.org/time
51 verbose addNameTag registry:https://registry.npmjs.org/time not in flight; fetching
52 verbose get https://registry.npmjs.org/time not expired, no request
53 silly addNameTag next cb for time with tag latest
54 silly addNamed time@0.12.0
55 verbose addNamed "0.12.0" is a plain semver version for time
56 silly cache afterAdd time@0.12.0
57 verbose afterAdd C:\Users\Breno\AppData\Roaming\npm-cache\time\0.12.0\package\package.json not in flight; writing
58 verbose correctMkdir C:\Users\Breno\AppData\Roaming\npm-cache correctMkdir not in flight; initializing
59 verbose afterAdd C:\Users\Breno\AppData\Roaming\npm-cache\time\0.12.0\package\package.json written
60 silly fetchNamedPackageData bindings
61 silly mapToRegistry name bindings
62 silly mapToRegistry using default registry
63 silly mapToRegistry registry https://registry.npmjs.org/
64 silly mapToRegistry data Result {
64 silly mapToRegistry   raw: 'bindings',
64 silly mapToRegistry   scope: null,
64 silly mapToRegistry   escapedName: 'bindings',
64 silly mapToRegistry   name: 'bindings',
64 silly mapToRegistry   rawSpec: '',
64 silly mapToRegistry   spec: 'latest',
64 silly mapToRegistry   type: 'tag' }
65 silly mapToRegistry uri https://registry.npmjs.org/bindings
66 silly fetchNamedPackageData debug
67 silly mapToRegistry name debug
68 silly mapToRegistry using default registry
69 silly mapToRegistry registry https://registry.npmjs.org/
70 silly mapToRegistry data Result {
70 silly mapToRegistry   raw: 'debug',
70 silly mapToRegistry   scope: null,
70 silly mapToRegistry   escapedName: 'debug',
70 silly mapToRegistry   name: 'debug',
70 silly mapToRegistry   rawSpec: '',
70 silly mapToRegistry   spec: 'latest',
70 silly mapToRegistry   type: 'tag' }
71 silly mapToRegistry uri https://registry.npmjs.org/debug
72 silly fetchNamedPackageData nan
73 silly mapToRegistry name nan
74 silly mapToRegistry using default registry
75 silly mapToRegistry registry https://registry.npmjs.org/
76 silly mapToRegistry data Result {
76 silly mapToRegistry   raw: 'nan',
76 silly mapToRegistry   scope: null,
76 silly mapToRegistry   escapedName: 'nan',
76 silly mapToRegistry   name: 'nan',
76 silly mapToRegistry   rawSpec: '',
76 silly mapToRegistry   spec: 'latest',
76 silly mapToRegistry   type: 'tag' }
77 silly mapToRegistry uri https://registry.npmjs.org/nan
78 verbose request uri https://registry.npmjs.org/debug
79 verbose request no auth needed
80 info attempt registry request try #1 at 08:05:01
81 verbose etag W/"5a0ecc59-19021"
82 verbose lastModified Fri, 17 Nov 2017 11:47:37 GMT
83 http request GET https://registry.npmjs.org/debug
84 verbose request uri https://registry.npmjs.org/bindings
85 verbose request no auth needed
86 info attempt registry request try #1 at 08:05:01
87 verbose etag W/"59b28ad4-4c18"
88 verbose lastModified Fri, 08 Sep 2017 12:19:32 GMT
89 http request GET https://registry.npmjs.org/bindings
90 verbose request uri https://registry.npmjs.org/nan
91 verbose request no auth needed
92 info attempt registry request try #1 at 08:05:01
93 verbose etag W/"5a0c2640-20c10"
94 verbose lastModified Wed, 15 Nov 2017 11:34:24 GMT
95 http request GET https://registry.npmjs.org/nan
96 http 304 https://registry.npmjs.org/debug
97 verbose headers { date: 'Sun, 19 Nov 2017 10:05:05 GMT',
97 verbose headers   via: '1.1 varnish',
97 verbose headers   'cache-control': 'max-age=300',
97 verbose headers   etag: 'W/"5a0ecc59-19021"',
97 verbose headers   age: '29',
97 verbose headers   connection: 'keep-alive',
97 verbose headers   'x-served-by': 'cache-gru17133-GRU',
97 verbose headers   'x-cache': 'HIT',
97 verbose headers   'x-cache-hits': '1',
97 verbose headers   'x-timer': 'S1511085905.307653,VS0,VE0',
97 verbose headers   vary: 'Accept-Encoding, Accept' }
98 silly get cb [ 304,
98 silly get   { date: 'Sun, 19 Nov 2017 10:05:05 GMT',
98 silly get     via: '1.1 varnish',
98 silly get     'cache-control': 'max-age=300',
98 silly get     etag: 'W/"5a0ecc59-19021"',
98 silly get     age: '29',
98 silly get     connection: 'keep-alive',
98 silly get     'x-served-by': 'cache-gru17133-GRU',
98 silly get     'x-cache': 'HIT',
98 silly get     'x-cache-hits': '1',
98 silly get     'x-timer': 'S1511085905.307653,VS0,VE0',
98 silly get     vary: 'Accept-Encoding, Accept' } ]
99 verbose etag https://registry.npmjs.org/debug from cache
100 verbose get saving debug to C:\Users\Breno\AppData\Roaming\npm-cache\registry.npmjs.org\debug\.cache.json
101 verbose correctMkdir C:\Users\Breno\AppData\Roaming\npm-cache correctMkdir not in flight; initializing
102 silly resolveWithNewModule debug@2.6.9 checking installable status
103 silly cache add args [ 'debug@^2.2.0', null ]
104 verbose cache add spec debug@^2.2.0
105 silly cache add parsed spec Result {
105 silly cache add   raw: 'debug@^2.2.0',
105 silly cache add   scope: null,
105 silly cache add   escapedName: 'debug',
105 silly cache add   name: 'debug',
105 silly cache add   rawSpec: '^2.2.0',
105 silly cache add   spec: '>=2.2.0 <3.0.0',
105 silly cache add   type: 'range' }
106 silly addNamed debug@>=2.2.0 <3.0.0
107 verbose addNamed ">=2.2.0 <3.0.0" is a valid semver range for debug
108 silly addNameRange { name: 'debug', range: '>=2.2.0 <3.0.0', hasData: false }
109 silly mapToRegistry name debug
110 silly mapToRegistry using default registry
111 silly mapToRegistry registry https://registry.npmjs.org/
112 silly mapToRegistry data Result {
112 silly mapToRegistry   raw: 'debug',
112 silly mapToRegistry   scope: null,
112 silly mapToRegistry   escapedName: 'debug',
112 silly mapToRegistry   name: 'debug',
112 silly mapToRegistry   rawSpec: '',
112 silly mapToRegistry   spec: 'latest',
112 silly mapToRegistry   type: 'tag' }
113 silly mapToRegistry uri https://registry.npmjs.org/debug
114 verbose addNameRange registry:https://registry.npmjs.org/debug not in flight; fetching
115 verbose get https://registry.npmjs.org/debug not expired, no request
116 silly addNameRange number 2 { name: 'debug', range: '>=2.2.0 <3.0.0', hasData: true }
117 silly addNameRange versions [ 'debug',
117 silly addNameRange   [ '0.0.1',
117 silly addNameRange     '0.1.0',
117 silly addNameRange     '0.2.0',
117 silly addNameRange     '0.3.0',
117 silly addNameRange     '0.4.0',
117 silly addNameRange     '0.4.1',
117 silly addNameRange     '0.5.0',
117 silly addNameRange     '0.6.0',
117 silly addNameRange     '0.7.0',
117 silly addNameRange     '0.7.1',
117 silly addNameRange     '0.7.2',
117 silly addNameRange     '0.7.3',
117 silly addNameRange     '0.7.4',
117 silly addNameRange     '0.8.0',
117 silly addNameRange     '0.8.1',
117 silly addNameRange     '1.0.0',
117 silly addNameRange     '1.0.1',
117 silly addNameRange     '1.0.2',
117 silly addNameRange     '1.0.3',
117 silly addNameRange     '1.0.4',
117 silly addNameRange     '2.0.0',
117 silly addNameRange     '2.1.0',
117 silly addNameRange     '2.1.1',
117 silly addNameRange     '2.1.2',
117 silly addNameRange     '2.1.3',
117 silly addNameRange     '2.2.0',
117 silly addNameRange     '2.3.0',
117 silly addNameRange     '2.3.1',
117 silly addNameRange     '2.3.2',
117 silly addNameRange     '2.3.3',
117 silly addNameRange     '2.4.0',
117 silly addNameRange     '2.4.1',
117 silly addNameRange     '2.4.2',
117 silly addNameRange     '2.4.3',
117 silly addNameRange     '2.4.4',
117 silly addNameRange     '2.4.5',
117 silly addNameRange     '2.5.0',
117 silly addNameRange     '2.5.1',
117 silly addNameRange     '2.5.2',
117 silly addNameRange     '2.6.0',
117 silly addNameRange     '2.6.1',
117 silly addNameRange     '2.6.2',
117 silly addNameRange     '2.6.3',
117 silly addNameRange     '2.6.4',
117 silly addNameRange     '2.6.5',
117 silly addNameRange     '2.6.6',
117 silly addNameRange     '2.6.7',
117 silly addNameRange     '2.6.8',
117 silly addNameRange     '1.0.5',
117 silly addNameRange     '3.0.0',
117 silly addNameRange     '3.0.1',
117 silly addNameRange     '2.6.9',
117 silly addNameRange     '3.1.0' ] ]
118 silly addNamed debug@2.6.9
119 verbose addNamed "2.6.9" is a plain semver version for debug
120 silly cache afterAdd debug@2.6.9
121 verbose afterAdd C:\Users\Breno\AppData\Roaming\npm-cache\debug\2.6.9\package\package.json not in flight; writing
122 verbose correctMkdir C:\Users\Breno\AppData\Roaming\npm-cache correctMkdir not in flight; initializing
123 verbose afterAdd C:\Users\Breno\AppData\Roaming\npm-cache\debug\2.6.9\package\package.json written
124 http 304 https://registry.npmjs.org/nan
125 verbose headers { date: 'Sun, 19 Nov 2017 10:05:05 GMT',
125 verbose headers   via: '1.1 varnish',
125 verbose headers   'cache-control': 'max-age=300',
125 verbose headers   etag: 'W/"5a0c2640-20c10"',
125 verbose headers   age: '110',
125 verbose headers   connection: 'keep-alive',
125 verbose headers   'x-served-by': 'cache-gru17134-GRU',
125 verbose headers   'x-cache': 'HIT',
125 verbose headers   'x-cache-hits': '2',
125 verbose headers   'x-timer': 'S1511085905.397851,VS0,VE0',
125 verbose headers   vary: 'Accept-Encoding, Accept' }
126 silly get cb [ 304,
126 silly get   { date: 'Sun, 19 Nov 2017 10:05:05 GMT',
126 silly get     via: '1.1 varnish',
126 silly get     'cache-control': 'max-age=300',
126 silly get     etag: 'W/"5a0c2640-20c10"',
126 silly get     age: '110',
126 silly get     connection: 'keep-alive',
126 silly get     'x-served-by': 'cache-gru17134-GRU',
126 silly get     'x-cache': 'HIT',
126 silly get     'x-cache-hits': '2',
126 silly get     'x-timer': 'S1511085905.397851,VS0,VE0',
126 silly get     vary: 'Accept-Encoding, Accept' } ]
127 verbose etag https://registry.npmjs.org/nan from cache
128 verbose get saving nan to C:\Users\Breno\AppData\Roaming\npm-cache\registry.npmjs.org\nan\.cache.json
129 verbose correctMkdir C:\Users\Breno\AppData\Roaming\npm-cache correctMkdir not in flight; initializing
130 silly resolveWithNewModule nan@2.8.0 checking installable status
131 silly cache add args [ 'nan@^2.2.0', null ]
132 verbose cache add spec nan@^2.2.0
133 silly cache add parsed spec Result {
133 silly cache add   raw: 'nan@^2.2.0',
133 silly cache add   scope: null,
133 silly cache add   escapedName: 'nan',
133 silly cache add   name: 'nan',
133 silly cache add   rawSpec: '^2.2.0',
133 silly cache add   spec: '>=2.2.0 <3.0.0',
133 silly cache add   type: 'range' }
134 silly addNamed nan@>=2.2.0 <3.0.0
135 verbose addNamed ">=2.2.0 <3.0.0" is a valid semver range for nan
136 silly addNameRange { name: 'nan', range: '>=2.2.0 <3.0.0', hasData: false }
137 silly mapToRegistry name nan
138 silly mapToRegistry using default registry
139 silly mapToRegistry registry https://registry.npmjs.org/
140 silly mapToRegistry data Result {
140 silly mapToRegistry   raw: 'nan',
140 silly mapToRegistry   scope: null,
140 silly mapToRegistry   escapedName: 'nan',
140 silly mapToRegistry   name: 'nan',
140 silly mapToRegistry   rawSpec: '',
140 silly mapToRegistry   spec: 'latest',
140 silly mapToRegistry   type: 'tag' }
141 silly mapToRegistry uri https://registry.npmjs.org/nan
142 verbose addNameRange registry:https://registry.npmjs.org/nan not in flight; fetching
143 verbose get https://registry.npmjs.org/nan not expired, no request
144 silly addNameRange number 2 { name: 'nan', range: '>=2.2.0 <3.0.0', hasData: true }
145 silly addNameRange versions [ 'nan',
145 silly addNameRange   [ '0.3.0-wip',
145 silly addNameRange     '0.3.0-wip2',
145 silly addNameRange     '0.3.0',
145 silly addNameRange     '0.3.1',
145 silly addNameRange     '0.3.2',
145 silly addNameRange     '0.4.0',
145 silly addNameRange     '0.4.1',
145 silly addNameRange     '0.4.2',
145 silly addNameRange     '0.4.3',
145 silly addNameRange     '0.4.4',
145 silly addNameRange     '0.5.0',
145 silly addNameRange     '0.5.1',
145 silly addNameRange     '0.5.2',
145 silly addNameRange     '0.6.0',
145 silly addNameRange     '0.7.0',
145 silly addNameRange     '0.7.1',
145 silly addNameRange     '0.8.0',
145 silly addNameRange     '1.0.0',
145 silly addNameRange     '1.1.0',
145 silly addNameRange     '1.1.1',
145 silly addNameRange     '1.1.2',
145 silly addNameRange     '1.2.0',
145 silly addNameRange     '1.3.0',
145 silly addNameRange     '1.4.0',
145 silly addNameRange     '1.4.1',
145 silly addNameRange     '1.5.0',
145 silly addNameRange     '1.4.2',
145 silly addNameRange     '1.4.3',
145 silly addNameRange     '1.5.1',
145 silly addNameRange     '1.5.2',
145 silly addNameRange     '1.6.0',
145 silly addNameRange     '1.5.3',
145 silly addNameRange     '1.6.1',
145 silly addNameRange     '1.6.2',
145 silly addNameRange     '1.7.0',
145 silly addNameRange     '1.8.0',
145 silly addNameRange     '1.8.1',
145 silly addNameRange     '1.8.2',
145 silly addNameRange     '1.8.3',
145 silly addNameRange     '1.8.4',
145 silly addNameRange     '1.9.0',
145 silly addNameRange     '2.0.0',
145 silly addNameRange     '2.0.1',
145 silly addNameRange     '2.0.2',
145 silly addNameRange     '2.0.3',
145 silly addNameRange     '2.0.4',
145 silly addNameRange     '2.0.5',
145 silly addNameRange     '2.0.6',
145 silly addNameRange     '2.0.7',
145 silly addNameRange     '2.0.8',
145 silly addNameRange     '2.0.9',
145 silly addNameRange     '2.1.0',
145 silly addNameRange     '2.2.0',
145 silly addNameRange     '2.2.1',
145 silly addNameRange     '2.3.0',
145 silly addNameRange     '2.3.1',
145 silly addNameRange     '2.3.2',
145 silly addNameRange     '2.3.3',
145 silly addNameRange     '2.3.4',
145 silly addNameRange     '2.3.5',
145 silly addNameRange     '2.4.0',
145 silly addNameRange     '2.5.0',
145 silly addNameRange     '2.5.1',
145 silly addNameRange     '2.6.0',
145 silly addNameRange     '2.6.1',
145 silly addNameRange     '2.6.2',
145 silly addNameRange     '2.7.0',
145 silly addNameRange     '2.8.0' ] ]
146 silly addNamed nan@2.8.0
147 verbose addNamed "2.8.0" is a plain semver version for nan
148 silly cache afterAdd nan@2.8.0
149 verbose afterAdd C:\Users\Breno\AppData\Roaming\npm-cache\nan\2.8.0\package\package.json not in flight; writing
150 verbose correctMkdir C:\Users\Breno\AppData\Roaming\npm-cache correctMkdir not in flight; initializing
151 verbose afterAdd C:\Users\Breno\AppData\Roaming\npm-cache\nan\2.8.0\package\package.json written
152 http 304 https://registry.npmjs.org/bindings
153 verbose headers { date: 'Sun, 19 Nov 2017 10:05:05 GMT',
153 verbose headers   via: '1.1 varnish',
153 verbose headers   'cache-control': 'max-age=300',
153 verbose headers   etag: 'W/"59b28ad4-4c18"',
153 verbose headers   age: '0',
153 verbose headers   connection: 'keep-alive',
153 verbose headers   'x-served-by': 'cache-gru17134-GRU',
153 verbose headers   'x-cache': 'HIT',
153 verbose headers   'x-cache-hits': '1',
153 verbose headers   'x-timer': 'S1511085905.394439,VS0,VE786',
153 verbose headers   vary: 'Accept-Encoding, Accept' }
154 silly get cb [ 304,
154 silly get   { date: 'Sun, 19 Nov 2017 10:05:05 GMT',
154 silly get     via: '1.1 varnish',
154 silly get     'cache-control': 'max-age=300',
154 silly get     etag: 'W/"59b28ad4-4c18"',
154 silly get     age: '0',
154 silly get     connection: 'keep-alive',
154 silly get     'x-served-by': 'cache-gru17134-GRU',
154 silly get     'x-cache': 'HIT',
154 silly get     'x-cache-hits': '1',
154 silly get     'x-timer': 'S1511085905.394439,VS0,VE786',
154 silly get     vary: 'Accept-Encoding, Accept' } ]
155 verbose etag https://registry.npmjs.org/bindings from cache
156 verbose get saving bindings to C:\Users\Breno\AppData\Roaming\npm-cache\registry.npmjs.org\bindings\.cache.json
157 verbose correctMkdir C:\Users\Breno\AppData\Roaming\npm-cache correctMkdir not in flight; initializing
158 silly resolveWithNewModule bindings@1.3.0 checking installable status
159 silly cache add args [ 'bindings@^1.2.0', null ]
160 verbose cache add spec bindings@^1.2.0
161 silly cache add parsed spec Result {
161 silly cache add   raw: 'bindings@^1.2.0',
161 silly cache add   scope: null,
161 silly cache add   escapedName: 'bindings',
161 silly cache add   name: 'bindings',
161 silly cache add   rawSpec: '^1.2.0',
161 silly cache add   spec: '>=1.2.0 <2.0.0',
161 silly cache add   type: 'range' }
162 silly addNamed bindings@>=1.2.0 <2.0.0
163 verbose addNamed ">=1.2.0 <2.0.0" is a valid semver range for bindings
164 silly addNameRange { name: 'bindings', range: '>=1.2.0 <2.0.0', hasData: false }
165 silly mapToRegistry name bindings
166 silly mapToRegistry using default registry
167 silly mapToRegistry registry https://registry.npmjs.org/
168 silly mapToRegistry data Result {
168 silly mapToRegistry   raw: 'bindings',
168 silly mapToRegistry   scope: null,
168 silly mapToRegistry   escapedName: 'bindings',
168 silly mapToRegistry   name: 'bindings',
168 silly mapToRegistry   rawSpec: '',
168 silly mapToRegistry   spec: 'latest',
168 silly mapToRegistry   type: 'tag' }
169 silly mapToRegistry uri https://registry.npmjs.org/bindings
170 verbose addNameRange registry:https://registry.npmjs.org/bindings not in flight; fetching
171 verbose get https://registry.npmjs.org/bindings not expired, no request
172 silly addNameRange number 2 { name: 'bindings', range: '>=1.2.0 <2.0.0', hasData: true }
173 silly addNameRange versions [ 'bindings',
173 silly addNameRange   [ '0.0.1',
173 silly addNameRange     '0.1.0',
173 silly addNameRange     '0.1.1',
173 silly addNameRange     '0.2.0',
173 silly addNameRange     '0.2.1',
173 silly addNameRange     '0.2.2',
173 silly addNameRange     '0.2.3',
173 silly addNameRange     '0.2.4',
173 silly addNameRange     '0.3.0',
173 silly addNameRange     '0.4.0',
173 silly addNameRange     '1.0.0',
173 silly addNameRange     '1.1.0',
173 silly addNameRange     '1.1.1',
173 silly addNameRange     '1.2.0',
173 silly addNameRange     '1.2.1',
173 silly addNameRange     '1.3.0' ] ]
174 silly addNamed bindings@1.3.0
175 verbose addNamed "1.3.0" is a plain semver version for bindings
176 silly cache afterAdd bindings@1.3.0
177 verbose afterAdd C:\Users\Breno\AppData\Roaming\npm-cache\bindings\1.3.0\package\package.json not in flight; writing
178 verbose correctMkdir C:\Users\Breno\AppData\Roaming\npm-cache correctMkdir not in flight; initializing
179 verbose afterAdd C:\Users\Breno\AppData\Roaming\npm-cache\bindings\1.3.0\package\package.json written
180 silly fetchNamedPackageData ms
181 silly mapToRegistry name ms
182 silly mapToRegistry using default registry
183 silly mapToRegistry registry https://registry.npmjs.org/
184 silly mapToRegistry data Result {
184 silly mapToRegistry   raw: 'ms',
184 silly mapToRegistry   scope: null,
184 silly mapToRegistry   escapedName: 'ms',
184 silly mapToRegistry   name: 'ms',
184 silly mapToRegistry   rawSpec: '',
184 silly mapToRegistry   spec: 'latest',
184 silly mapToRegistry   type: 'tag' }
185 silly mapToRegistry uri https://registry.npmjs.org/ms
186 verbose request uri https://registry.npmjs.org/ms
187 verbose request no auth needed
188 info attempt registry request try #1 at 08:05:02
189 verbose etag W/"59df2de6-3c9a"
190 verbose lastModified Thu, 12 Oct 2017 08:55:02 GMT
191 http request GET https://registry.npmjs.org/ms
192 http 304 https://registry.npmjs.org/ms
193 verbose headers { date: 'Sun, 19 Nov 2017 10:05:06 GMT',
193 verbose headers   via: '1.1 varnish',
193 verbose headers   'cache-control': 'max-age=300',
193 verbose headers   etag: 'W/"59df2de6-3c9a"',
193 verbose headers   age: '97',
193 verbose headers   connection: 'keep-alive',
193 verbose headers   'x-served-by': 'cache-gru17133-GRU',
193 verbose headers   'x-cache': 'HIT',
193 verbose headers   'x-cache-hits': '1',
193 verbose headers   'x-timer': 'S1511085906.265519,VS0,VE0',
193 verbose headers   vary: 'Accept-Encoding, Accept' }
194 silly get cb [ 304,
194 silly get   { date: 'Sun, 19 Nov 2017 10:05:06 GMT',
194 silly get     via: '1.1 varnish',
194 silly get     'cache-control': 'max-age=300',
194 silly get     etag: 'W/"59df2de6-3c9a"',
194 silly get     age: '97',
194 silly get     connection: 'keep-alive',
194 silly get     'x-served-by': 'cache-gru17133-GRU',
194 silly get     'x-cache': 'HIT',
194 silly get     'x-cache-hits': '1',
194 silly get     'x-timer': 'S1511085906.265519,VS0,VE0',
194 silly get     vary: 'Accept-Encoding, Accept' } ]
195 verbose etag https://registry.npmjs.org/ms from cache
196 verbose get saving ms to C:\Users\Breno\AppData\Roaming\npm-cache\registry.npmjs.org\ms\.cache.json
197 verbose correctMkdir C:\Users\Breno\AppData\Roaming\npm-cache correctMkdir not in flight; initializing
198 silly resolveWithNewModule ms@2.0.0 checking installable status
199 silly cache add args [ 'ms@2.0.0', null ]
200 verbose cache add spec ms@2.0.0
201 silly cache add parsed spec Result {
201 silly cache add   raw: 'ms@2.0.0',
201 silly cache add   scope: null,
201 silly cache add   escapedName: 'ms',
201 silly cache add   name: 'ms',
201 silly cache add   rawSpec: '2.0.0',
201 silly cache add   spec: '2.0.0',
201 silly cache add   type: 'version' }
202 silly addNamed ms@2.0.0
203 verbose addNamed "2.0.0" is a plain semver version for ms
204 silly mapToRegistry name ms
205 silly mapToRegistry using default registry
206 silly mapToRegistry registry https://registry.npmjs.org/
207 silly mapToRegistry data Result {
207 silly mapToRegistry   raw: 'ms',
207 silly mapToRegistry   scope: null,
207 silly mapToRegistry   escapedName: 'ms',
207 silly mapToRegistry   name: 'ms',
207 silly mapToRegistry   rawSpec: '',
207 silly mapToRegistry   spec: 'latest',
207 silly mapToRegistry   type: 'tag' }
208 silly mapToRegistry uri https://registry.npmjs.org/ms
209 verbose addNameVersion registry:https://registry.npmjs.org/ms not in flight; fetching
210 verbose get https://registry.npmjs.org/ms not expired, no request
211 silly cache afterAdd ms@2.0.0
212 verbose afterAdd C:\Users\Breno\AppData\Roaming\npm-cache\ms\2.0.0\package\package.json not in flight; writing
213 verbose correctMkdir C:\Users\Breno\AppData\Roaming\npm-cache correctMkdir not in flight; initializing
214 verbose afterAdd C:\Users\Breno\AppData\Roaming\npm-cache\ms\2.0.0\package\package.json written
215 silly loadAllDepsIntoIdealTree Finishing
216 silly loadIdealTree Finishing
217 silly currentTree automating
218 silly idealTree automating
218 silly idealTree +-- bindings@1.3.0
218 silly idealTree +-- debug@2.6.9
218 silly idealTree +-- ms@2.0.0
218 silly idealTree +-- nan@2.8.0
218 silly idealTree `-- time@0.12.0
219 silly generateActionsToTake Starting
220 silly install generateActionsToTake
221 silly generateActionsToTake Finishing
222 silly diffTrees action count 5
223 silly diffTrees add ms@2.0.0
224 silly diffTrees add bindings@1.3.0
225 silly diffTrees add debug@2.6.9
226 silly diffTrees add nan@2.8.0
227 silly diffTrees add time@0.12.0
228 silly decomposeActions action count 40
229 silly decomposeActions fetch ms@2.0.0
230 silly decomposeActions extract ms@2.0.0
231 silly decomposeActions test ms@2.0.0
232 silly decomposeActions preinstall ms@2.0.0
233 silly decomposeActions build ms@2.0.0
234 silly decomposeActions install ms@2.0.0
235 silly decomposeActions postinstall ms@2.0.0
236 silly decomposeActions finalize ms@2.0.0
237 silly decomposeActions fetch bindings@1.3.0
238 silly decomposeActions extract bindings@1.3.0
239 silly decomposeActions test bindings@1.3.0
240 silly decomposeActions preinstall bindings@1.3.0
241 silly decomposeActions build bindings@1.3.0
242 silly decomposeActions install bindings@1.3.0
243 silly decomposeActions postinstall bindings@1.3.0
244 silly decomposeActions finalize bindings@1.3.0
245 silly decomposeActions fetch debug@2.6.9
246 silly decomposeActions extract debug@2.6.9
247 silly decomposeActions test debug@2.6.9
248 silly decomposeActions preinstall debug@2.6.9
249 silly decomposeActions build debug@2.6.9
250 silly decomposeActions install debug@2.6.9
251 silly decomposeActions postinstall debug@2.6.9
252 silly decomposeActions finalize debug@2.6.9
253 silly decomposeActions fetch nan@2.8.0
254 silly decomposeActions extract nan@2.8.0
255 silly decomposeActions test nan@2.8.0
256 silly decomposeActions preinstall nan@2.8.0
257 silly decomposeActions build nan@2.8.0
258 silly decomposeActions install nan@2.8.0
259 silly decomposeActions postinstall nan@2.8.0
260 silly decomposeActions finalize nan@2.8.0
261 silly decomposeActions fetch time@0.12.0
262 silly decomposeActions extract time@0.12.0
263 silly decomposeActions test time@0.12.0
264 silly decomposeActions preinstall time@0.12.0
265 silly decomposeActions build time@0.12.0
266 silly decomposeActions install time@0.12.0
267 silly decomposeActions postinstall time@0.12.0
268 silly decomposeActions finalize time@0.12.0
269 silly runTopLevelLifecycles Starting
270 silly executeActions Starting
271 silly install executeActions
272 silly doSerial global-install 0
273 silly doParallel fetch 5
274 verbose correctMkdir C:\Users\Breno\AppData\Roaming\npm-cache\_locks correctMkdir not in flight; initializing
275 verbose lock using C:\Users\Breno\AppData\Roaming\npm-cache\_locks\staging-b74cd492fca41476.lock for C:\Users\Breno\Dropbox\Development\magy\server\automating\node_modules\.staging
276 silly doParallel extract 5
277 silly extract ms@2.0.0
278 silly extract bindings@1.3.0
279 silly extract debug@2.6.9
280 silly extract nan@2.8.0
281 silly extract time@0.12.0
282 verbose unbuild node_modules\.staging\ms-acddb70a
283 verbose unbuild node_modules\.staging\bindings-1fe18198
284 verbose unbuild node_modules\.staging\time-63c8ce3d
285 verbose unbuild node_modules\.staging\debug-9b218699
286 verbose unbuild node_modules\.staging\nan-017b1283
287 silly gentlyRm C:\Users\Breno\Dropbox\Development\magy\server\automating\node_modules\.staging\bindings-1fe18198 is being purged from base C:\Users\Breno\Dropbox\Development\magy\server\automating
288 verbose gentlyRm don't care about contents; nuking C:\Users\Breno\Dropbox\Development\magy\server\automating\node_modules\.staging\bindings-1fe18198
289 silly gentlyRm C:\Users\Breno\Dropbox\Development\magy\server\automating\node_modules\.staging\ms-acddb70a is being purged from base C:\Users\Breno\Dropbox\Development\magy\server\automating
290 verbose gentlyRm don't care about contents; nuking C:\Users\Breno\Dropbox\Development\magy\server\automating\node_modules\.staging\ms-acddb70a
291 silly gentlyRm C:\Users\Breno\Dropbox\Development\magy\server\automating\node_modules\.staging\time-63c8ce3d is being purged from base C:\Users\Breno\Dropbox\Development\magy\server\automating
292 verbose gentlyRm don't care about contents; nuking C:\Users\Breno\Dropbox\Development\magy\server\automating\node_modules\.staging\time-63c8ce3d
293 silly gentlyRm C:\Users\Breno\Dropbox\Development\magy\server\automating\node_modules\.staging\debug-9b218699 is being purged from base C:\Users\Breno\Dropbox\Development\magy\server\automating
294 verbose gentlyRm don't care about contents; nuking C:\Users\Breno\Dropbox\Development\magy\server\automating\node_modules\.staging\debug-9b218699
295 verbose tar unpack C:\Users\Breno\AppData\Roaming\npm-cache\bindings\1.3.0\package.tgz
296 verbose tar unpacking to C:\Users\Breno\Dropbox\Development\magy\server\automating\node_modules\.staging\bindings-1fe18198
297 silly gentlyRm C:\Users\Breno\Dropbox\Development\magy\server\automating\node_modules\.staging\bindings-1fe18198 is being purged
298 verbose gentlyRm don't care about contents; nuking C:\Users\Breno\Dropbox\Development\magy\server\automating\node_modules\.staging\bindings-1fe18198
299 verbose tar unpack C:\Users\Breno\AppData\Roaming\npm-cache\ms\2.0.0\package.tgz
300 verbose tar unpacking to C:\Users\Breno\Dropbox\Development\magy\server\automating\node_modules\.staging\ms-acddb70a
301 silly gentlyRm C:\Users\Breno\Dropbox\Development\magy\server\automating\node_modules\.staging\ms-acddb70a is being purged
302 verbose gentlyRm don't care about contents; nuking C:\Users\Breno\Dropbox\Development\magy\server\automating\node_modules\.staging\ms-acddb70a
303 verbose tar unpack C:\Users\Breno\AppData\Roaming\npm-cache\time\0.12.0\package.tgz
304 verbose tar unpacking to C:\Users\Breno\Dropbox\Development\magy\server\automating\node_modules\.staging\time-63c8ce3d
305 silly gentlyRm C:\Users\Breno\Dropbox\Development\magy\server\automating\node_modules\.staging\time-63c8ce3d is being purged
306 verbose gentlyRm don't care about contents; nuking C:\Users\Breno\Dropbox\Development\magy\server\automating\node_modules\.staging\time-63c8ce3d
307 verbose tar unpack C:\Users\Breno\AppData\Roaming\npm-cache\debug\2.6.9\package.tgz
308 verbose tar unpacking to C:\Users\Breno\Dropbox\Development\magy\server\automating\node_modules\.staging\debug-9b218699
309 silly gentlyRm C:\Users\Breno\Dropbox\Development\magy\server\automating\node_modules\.staging\debug-9b218699 is being purged
310 verbose gentlyRm don't care about contents; nuking C:\Users\Breno\Dropbox\Development\magy\server\automating\node_modules\.staging\debug-9b218699
311 silly gentlyRm C:\Users\Breno\Dropbox\Development\magy\server\automating\node_modules\.staging\nan-017b1283 is being purged from base C:\Users\Breno\Dropbox\Development\magy\server\automating
312 verbose gentlyRm don't care about contents; nuking C:\Users\Breno\Dropbox\Development\magy\server\automating\node_modules\.staging\nan-017b1283
313 silly gunzTarPerm modes [ '777', '666' ]
314 silly gunzTarPerm modes [ '777', '666' ]
315 silly gunzTarPerm modes [ '777', '666' ]
316 silly gunzTarPerm modes [ '777', '666' ]
317 verbose tar unpack C:\Users\Breno\AppData\Roaming\npm-cache\nan\2.8.0\package.tgz
318 verbose tar unpacking to C:\Users\Breno\Dropbox\Development\magy\server\automating\node_modules\.staging\nan-017b1283
319 silly gentlyRm C:\Users\Breno\Dropbox\Development\magy\server\automating\node_modules\.staging\nan-017b1283 is being purged
320 verbose gentlyRm don't care about contents; nuking C:\Users\Breno\Dropbox\Development\magy\server\automating\node_modules\.staging\nan-017b1283
321 silly gunzTarPerm modes [ '777', '666' ]
322 silly gunzTarPerm extractEntry package.json
323 silly gunzTarPerm modified mode [ 'package.json', 420, 438 ]
324 silly gunzTarPerm extractEntry package.json
325 silly gunzTarPerm modified mode [ 'package.json', 420, 438 ]
326 silly gunzTarPerm extractEntry package.json
327 silly gunzTarPerm modified mode [ 'package.json', 420, 438 ]
328 silly gunzTarPerm extractEntry package.json
329 silly gunzTarPerm modified mode [ 'package.json', 420, 438 ]
330 silly gunzTarPerm extractEntry package.json
331 silly gunzTarPerm modified mode [ 'package.json', 436, 438 ]
332 silly gunzTarPerm extractEntry index.js
333 silly gunzTarPerm modified mode [ 'index.js', 420, 438 ]
334 silly gunzTarPerm extractEntry license.md
335 silly gunzTarPerm modified mode [ 'license.md', 420, 438 ]
336 silly gunzTarPerm extractEntry .npmignore
337 silly gunzTarPerm modified mode [ '.npmignore', 420, 438 ]
338 silly gunzTarPerm extractEntry README.md
339 silly gunzTarPerm modified mode [ 'README.md', 420, 438 ]
340 silly gunzTarPerm extractEntry README.md
341 silly gunzTarPerm modified mode [ 'README.md', 420, 438 ]
342 silly gunzTarPerm extractEntry bindings.js
343 silly gunzTarPerm modified mode [ 'bindings.js', 420, 438 ]
344 silly gunzTarPerm extractEntry README.md
345 silly gunzTarPerm modified mode [ 'README.md', 436, 438 ]
346 silly gunzTarPerm extractEntry .npmignore
347 silly gunzTarPerm modified mode [ '.npmignore', 420, 438 ]
348 silly gunzTarPerm extractEntry README.md
349 silly gunzTarPerm modified mode [ 'README.md', 420, 438 ]
350 silly gunzTarPerm extractEntry include_dirs.js
351 silly gunzTarPerm modified mode [ 'include_dirs.js', 436, 438 ]
352 silly gunzTarPerm extractEntry readme.md
353 silly gunzTarPerm modified mode [ 'readme.md', 420, 438 ]
354 silly gunzTarPerm extractEntry nan_converters_43_inl.h
355 silly gunzTarPerm modified mode [ 'nan_converters_43_inl.h', 436, 438 ]
356 silly gunzTarPerm extractEntry LICENSE.md
357 silly gunzTarPerm modified mode [ 'LICENSE.md', 436, 438 ]
358 silly gunzTarPerm extractEntry doc/new.md
359 silly gunzTarPerm modified mode [ 'doc/new.md', 436, 438 ]
360 silly gunzTarPerm extractEntry LICENSE
361 silly gunzTarPerm modified mode [ 'LICENSE', 420, 438 ]
362 silly gunzTarPerm extractEntry index.js
363 silly gunzTarPerm modified mode [ 'index.js', 420, 438 ]
364 silly gunzTarPerm extractEntry LICENSE
365 silly gunzTarPerm modified mode [ 'LICENSE', 420, 438 ]
366 silly gunzTarPerm extractEntry doc/asyncworker.md
367 silly gunzTarPerm modified mode [ 'doc/asyncworker.md', 436, 438 ]
368 silly gunzTarPerm extractEntry appveyor.yml
369 silly gunzTarPerm modified mode [ 'appveyor.yml', 420, 438 ]
370 silly gunzTarPerm extractEntry karma.conf.js
371 silly gunzTarPerm modified mode [ 'karma.conf.js', 420, 438 ]
372 silly gunzTarPerm extractEntry node.js
373 silly gunzTarPerm modified mode [ 'node.js', 420, 438 ]
374 silly gunzTarPerm extractEntry .eslintrc
375 silly gunzTarPerm modified mode [ '.eslintrc', 420, 438 ]
376 silly gunzTarPerm extractEntry doc/callback.md
377 silly gunzTarPerm modified mode [ 'doc/callback.md', 436, 438 ]
378 silly gunzTarPerm extractEntry doc/converters.md
379 silly gunzTarPerm modified mode [ 'doc/converters.md', 436, 438 ]
380 silly gunzTarPerm extractEntry Makefile
381 silly gunzTarPerm modified mode [ 'Makefile', 420, 438 ]
382 silly gunzTarPerm extractEntry .jshintrc
383 silly gunzTarPerm modified mode [ '.jshintrc', 420, 438 ]
384 silly gunzTarPerm extractEntry .travis.yml
385 silly gunzTarPerm modified mode [ '.travis.yml', 420, 438 ]
386 silly gunzTarPerm extractEntry doc/errors.md
387 silly gunzTarPerm modified mode [ 'doc/errors.md', 436, 438 ]
388 silly gunzTarPerm extractEntry doc/json.md
389 silly gunzTarPerm modified mode [ 'doc/json.md', 436, 438 ]
390 silly gunzTarPerm extractEntry .coveralls.yml
391 silly gunzTarPerm modified mode [ '.coveralls.yml', 420, 438 ]
392 silly gunzTarPerm extractEntry component.json
393 silly gunzTarPerm modified mode [ 'component.json', 420, 438 ]
394 silly gunzTarPerm extractEntry binding.gyp
395 silly gunzTarPerm modified mode [ 'binding.gyp', 420, 438 ]
396 silly gunzTarPerm extractEntry CHANGELOG.md
397 silly gunzTarPerm modified mode [ 'CHANGELOG.md', 420, 438 ]
398 silly gunzTarPerm extractEntry src/time.cc
399 silly gunzTarPerm modified mode [ 'src/time.cc', 420, 438 ]
400 silly gunzTarPerm extractEntry .travis.yml
401 silly gunzTarPerm modified mode [ '.travis.yml', 420, 438 ]
402 silly gunzTarPerm extractEntry CHANGELOG.md
403 silly gunzTarPerm modified mode [ 'CHANGELOG.md', 420, 438 ]
404 silly gunzTarPerm extractEntry doc/maybe_types.md
405 silly gunzTarPerm modified mode [ 'doc/maybe_types.md', 436, 438 ]
406 silly gunzTarPerm extractEntry doc/methods.md
407 silly gunzTarPerm modified mode [ 'doc/methods.md', 436, 438 ]
408 silly gentlyRm C:\Users\Breno\Dropbox\Development\magy\server\automating\node_modules\.staging\bindings-1fe18198\node_modules is being purged
409 verbose gentlyRm don't care about contents; nuking C:\Users\Breno\Dropbox\Development\magy\server\automating\node_modules\.staging\bindings-1fe18198\node_modules
410 silly gunzTarPerm extractEntry doc/buffers.md
411 silly gunzTarPerm modified mode [ 'doc/buffers.md', 436, 438 ]
412 silly gunzTarPerm extractEntry doc/node_misc.md
413 silly gunzTarPerm modified mode [ 'doc/node_misc.md', 436, 438 ]
414 silly gunzTarPerm extractEntry src/browser.js
415 silly gunzTarPerm modified mode [ 'src/browser.js', 420, 438 ]
416 silly gunzTarPerm extractEntry src/debug.js
417 silly gunzTarPerm modified mode [ 'src/debug.js', 420, 438 ]
418 silly gunzTarPerm extractEntry test/date.js
419 silly gunzTarPerm modified mode [ 'test/date.js', 420, 438 ]
420 silly gunzTarPerm extractEntry src/index.js
421 silly gunzTarPerm modified mode [ 'src/index.js', 420, 438 ]
422 silly gunzTarPerm extractEntry src/inspector-log.js
423 silly gunzTarPerm modified mode [ 'src/inspector-log.js', 420, 438 ]
424 silly gunzTarPerm extractEntry test/exports.js
425 silly gunzTarPerm modified mode [ 'test/exports.js', 420, 438 ]
426 silly gunzTarPerm extractEntry test/tzset.js
427 silly gunzTarPerm modified mode [ 'test/tzset.js', 420, 438 ]
428 silly gunzTarPerm extractEntry doc/object_wrappers.md
429 silly gunzTarPerm modified mode [ 'doc/object_wrappers.md', 436, 438 ]
430 silly gunzTarPerm extractEntry doc/persistent.md
431 silly gunzTarPerm modified mode [ 'doc/persistent.md', 436, 438 ]
432 silly gunzTarPerm extractEntry src/node.js
433 silly gunzTarPerm modified mode [ 'src/node.js', 420, 438 ]
434 silly gunzTarPerm extractEntry doc/scopes.md
435 silly gunzTarPerm modified mode [ 'doc/scopes.md', 436, 438 ]
436 silly gunzTarPerm extractEntry doc/script.md
437 silly gunzTarPerm modified mode [ 'doc/script.md', 436, 438 ]
438 silly gunzTarPerm extractEntry doc/string_bytes.md
439 silly gunzTarPerm modified mode [ 'doc/string_bytes.md', 436, 438 ]
440 silly gunzTarPerm extractEntry doc/v8_internals.md
441 silly gunzTarPerm modified mode [ 'doc/v8_internals.md', 436, 438 ]
442 silly gentlyRm C:\Users\Breno\Dropbox\Development\magy\server\automating\node_modules\.staging\ms-acddb70a\node_modules is being purged
443 verbose gentlyRm don't care about contents; nuking C:\Users\Breno\Dropbox\Development\magy\server\automating\node_modules\.staging\ms-acddb70a\node_modules
444 silly gunzTarPerm extractEntry doc/v8_misc.md
445 silly gunzTarPerm modified mode [ 'doc/v8_misc.md', 436, 438 ]
446 silly gunzTarPerm extractEntry nan.h
447 silly gunzTarPerm modified mode [ 'nan.h', 436, 438 ]
448 silly gunzTarPerm extractEntry nan_callbacks.h
449 silly gunzTarPerm modified mode [ 'nan_callbacks.h', 436, 438 ]
450 silly gunzTarPerm extractEntry nan_callbacks_12_inl.h
451 silly gunzTarPerm modified mode [ 'nan_callbacks_12_inl.h', 436, 438 ]
452 silly gunzTarPerm extractEntry nan_callbacks_pre_12_inl.h
453 silly gunzTarPerm modified mode [ 'nan_callbacks_pre_12_inl.h', 436, 438 ]
454 silly gunzTarPerm extractEntry nan_converters.h
455 silly gunzTarPerm modified mode [ 'nan_converters.h', 436, 438 ]
456 silly gunzTarPerm extractEntry nan_converters_pre_43_inl.h
457 silly gunzTarPerm modified mode [ 'nan_converters_pre_43_inl.h', 436, 438 ]
458 silly gunzTarPerm extractEntry nan_implementation_12_inl.h
459 silly gunzTarPerm modified mode [ 'nan_implementation_12_inl.h', 436, 438 ]
460 silly gunzTarPerm extractEntry nan_implementation_pre_12_inl.h
461 silly gunzTarPerm modified mode [ 'nan_implementation_pre_12_inl.h', 436, 438 ]
462 silly gunzTarPerm extractEntry nan_json.h
463 silly gunzTarPerm modified mode [ 'nan_json.h', 436, 438 ]
464 silly gunzTarPerm extractEntry nan_maybe_43_inl.h
465 silly gunzTarPerm modified mode [ 'nan_maybe_43_inl.h', 436, 438 ]
466 silly gunzTarPerm extractEntry nan_maybe_pre_43_inl.h
467 silly gunzTarPerm modified mode [ 'nan_maybe_pre_43_inl.h', 436, 438 ]
468 silly gunzTarPerm extractEntry nan_new.h
469 silly gunzTarPerm modified mode [ 'nan_new.h', 436, 438 ]
470 silly gentlyRm C:\Users\Breno\Dropbox\Development\magy\server\automating\node_modules\.staging\time-63c8ce3d\node_modules is being purged
471 verbose gentlyRm don't care about contents; nuking C:\Users\Breno\Dropbox\Development\magy\server\automating\node_modules\.staging\time-63c8ce3d\node_modules
472 silly gunzTarPerm extractEntry nan_object_wrap.h
473 silly gunzTarPerm modified mode [ 'nan_object_wrap.h', 436, 438 ]
474 silly gunzTarPerm extractEntry nan_persistent_12_inl.h
475 silly gunzTarPerm modified mode [ 'nan_persistent_12_inl.h', 436, 438 ]
476 silly gentlyRm C:\Users\Breno\Dropbox\Development\magy\server\automating\node_modules\.staging\debug-9b218699\node_modules is being purged
477 verbose gentlyRm don't care about contents; nuking C:\Users\Breno\Dropbox\Development\magy\server\automating\node_modules\.staging\debug-9b218699\node_modules
478 silly gunzTarPerm extractEntry nan_persistent_pre_12_inl.h
479 silly gunzTarPerm modified mode [ 'nan_persistent_pre_12_inl.h', 436, 438 ]
480 silly gunzTarPerm extractEntry nan_private.h
481 silly gunzTarPerm modified mode [ 'nan_private.h', 436, 438 ]
482 silly gunzTarPerm extractEntry nan_string_bytes.h
483 silly gunzTarPerm modified mode [ 'nan_string_bytes.h', 436, 438 ]
484 silly gunzTarPerm extractEntry nan_typedarray_contents.h
485 silly gunzTarPerm modified mode [ 'nan_typedarray_contents.h', 436, 438 ]
486 silly gunzTarPerm extractEntry nan_weak.h
487 silly gunzTarPerm modified mode [ 'nan_weak.h', 436, 438 ]
488 silly gunzTarPerm extractEntry CHANGELOG.md
489 silly gunzTarPerm modified mode [ 'CHANGELOG.md', 436, 438 ]
490 silly gunzTarPerm extractEntry tools/package.json
491 silly gunzTarPerm modified mode [ 'tools/package.json', 436, 438 ]
492 silly gunzTarPerm extractEntry tools/README.md
493 silly gunzTarPerm modified mode [ 'tools/README.md', 436, 438 ]
494 silly gunzTarPerm extractEntry tools/1to2.js
495 silly gunzTarPerm modified mode [ 'tools/1to2.js', 509, 511 ]
496 silly gentlyRm C:\Users\Breno\Dropbox\Development\magy\server\automating\node_modules\.staging\nan-017b1283\node_modules is being purged
497 verbose gentlyRm don't care about contents; nuking C:\Users\Breno\Dropbox\Development\magy\server\automating\node_modules\.staging\nan-017b1283\node_modules
498 silly doParallel preinstall 5
499 silly preinstall ms@2.0.0 C:\Users\Breno\Dropbox\Development\magy\server\automating\node_modules\.staging\ms-acddb70a
500 info lifecycle ms@2.0.0~preinstall: ms@2.0.0
501 silly preinstall bindings@1.3.0 C:\Users\Breno\Dropbox\Development\magy\server\automating\node_modules\.staging\bindings-1fe18198
502 info lifecycle bindings@1.3.0~preinstall: bindings@1.3.0
503 silly preinstall debug@2.6.9 C:\Users\Breno\Dropbox\Development\magy\server\automating\node_modules\.staging\debug-9b218699
504 info lifecycle debug@2.6.9~preinstall: debug@2.6.9
505 silly preinstall nan@2.8.0 C:\Users\Breno\Dropbox\Development\magy\server\automating\node_modules\.staging\nan-017b1283
506 info lifecycle nan@2.8.0~preinstall: nan@2.8.0
507 silly preinstall time@0.12.0 C:\Users\Breno\Dropbox\Development\magy\server\automating\node_modules\.staging\time-63c8ce3d
508 info lifecycle time@0.12.0~preinstall: time@0.12.0
509 silly lifecycle bindings@1.3.0~preinstall: no script for preinstall, continuing
510 silly lifecycle ms@2.0.0~preinstall: no script for preinstall, continuing
511 silly lifecycle debug@2.6.9~preinstall: no script for preinstall, continuing
512 silly lifecycle time@0.12.0~preinstall: no script for preinstall, continuing
513 silly lifecycle nan@2.8.0~preinstall: no script for preinstall, continuing
514 silly doReverseSerial remove 0
515 silly doSerial move 0
516 silly doSerial finalize 5
517 silly finalize C:\Users\Breno\Dropbox\Development\magy\server\automating\node_modules\ms
518 silly finalize C:\Users\Breno\Dropbox\Development\magy\server\automating\node_modules\bindings
519 silly finalize C:\Users\Breno\Dropbox\Development\magy\server\automating\node_modules\debug
520 silly finalize C:\Users\Breno\Dropbox\Development\magy\server\automating\node_modules\nan
521 silly finalize C:\Users\Breno\Dropbox\Development\magy\server\automating\node_modules\time
522 silly doSerial build 5
523 silly build ms@2.0.0
524 info linkStuff ms@2.0.0
525 silly linkStuff ms@2.0.0 has C:\Users\Breno\Dropbox\Development\magy\server\automating\node_modules as its parent node_modules
526 verbose linkBins ms@2.0.0
527 verbose linkMans ms@2.0.0
528 silly build bindings@1.3.0
529 info linkStuff bindings@1.3.0
530 silly linkStuff bindings@1.3.0 has C:\Users\Breno\Dropbox\Development\magy\server\automating\node_modules as its parent node_modules
531 verbose linkBins bindings@1.3.0
532 verbose linkMans bindings@1.3.0
533 silly build debug@2.6.9
534 info linkStuff debug@2.6.9
535 silly linkStuff debug@2.6.9 has C:\Users\Breno\Dropbox\Development\magy\server\automating\node_modules as its parent node_modules
536 verbose linkBins debug@2.6.9
537 verbose linkMans debug@2.6.9
538 silly build nan@2.8.0
539 info linkStuff nan@2.8.0
540 silly linkStuff nan@2.8.0 has C:\Users\Breno\Dropbox\Development\magy\server\automating\node_modules as its parent node_modules
541 verbose linkBins nan@2.8.0
542 verbose linkMans nan@2.8.0
543 silly build time@0.12.0
544 info linkStuff time@0.12.0
545 silly linkStuff time@0.12.0 has C:\Users\Breno\Dropbox\Development\magy\server\automating\node_modules as its parent node_modules
546 verbose linkBins time@0.12.0
547 verbose linkMans time@0.12.0
548 silly doSerial global-link 0
549 silly doParallel update-linked 0
550 silly doSerial install 5
551 silly install ms@2.0.0 C:\Users\Breno\Dropbox\Development\magy\server\automating\node_modules\.staging\ms-acddb70a
552 info lifecycle ms@2.0.0~install: ms@2.0.0
553 silly lifecycle ms@2.0.0~install: no script for install, continuing
554 silly install bindings@1.3.0 C:\Users\Breno\Dropbox\Development\magy\server\automating\node_modules\.staging\bindings-1fe18198
555 info lifecycle bindings@1.3.0~install: bindings@1.3.0
556 silly lifecycle bindings@1.3.0~install: no script for install, continuing
557 silly install debug@2.6.9 C:\Users\Breno\Dropbox\Development\magy\server\automating\node_modules\.staging\debug-9b218699
558 info lifecycle debug@2.6.9~install: debug@2.6.9
559 silly lifecycle debug@2.6.9~install: no script for install, continuing
560 silly install nan@2.8.0 C:\Users\Breno\Dropbox\Development\magy\server\automating\node_modules\.staging\nan-017b1283
561 info lifecycle nan@2.8.0~install: nan@2.8.0
562 silly lifecycle nan@2.8.0~install: no script for install, continuing
563 silly install time@0.12.0 C:\Users\Breno\Dropbox\Development\magy\server\automating\node_modules\.staging\time-63c8ce3d
564 info lifecycle time@0.12.0~install: time@0.12.0
565 verbose lifecycle time@0.12.0~install: unsafe-perm in lifecycle true
566 verbose lifecycle time@0.12.0~install: PATH: C:\Program Files\nodejs\node_modules\npm\bin\node-gyp-bin;C:\Users\Breno\Dropbox\Development\magy\server\automating\node_modules\time\node_modules\.bin;C:\Users\Breno\Dropbox\Development\magy\server\automating\node_modules\.bin;C:\Program Files\Git\mingw64\bin;C:\Program Files\Git\usr\bin;C:\Users\Breno\bin;C:\ProgramData\Oracle\Java\javapath;C:\Program Files\Common Files\Microsoft Shared\Windows Live;C:\Program Files (x86)\Common Files\Microsoft Shared\Windows Live;C:\Program Files (x86)\AMD APP\bin\x86_64;C:\Program Files (x86)\AMD APP\bin\x86;C:\Program Files (x86)\Intel\iCLS Client;C:\Program Files\Intel\iCLS Client;C:\Windows\system32;C:\Windows;C:\Windows\System32\Wbem;C:\Windows\System32\WindowsPowerShell\v1.0;C:\Program Files (x86)\ATI Technologies\ATI.ACE\Core-Static;C:\Program Files (x86)\Windows Live\Shared;C:\Python27;C:\Program Files (x86)\Heroku\bin;C:\Program Files (x86)\git\cmd;C:\software\iron.io;C:\Windows\system32\config\systemprofile\.dnx\bin;C:\Program Files\Microsoft DNX\Dnvm;C:\Program Files\Microsoft SQL Server\130\Tools\Binn;C:\software\go_appengine;C:\Program Files\Git\cmd;C:\Program Files\Amazon\AWSCLI;C:\Program Files\nodejs;C:\Program Files\MySQL\MySQL Utilities 1.6;C:\ProgramData\chocolatey\bin;C:\Program Files\Java\jdk1.8.0_152\bin;C:\Android\android-sdk\tools;C:\Android\android-sdk\platform-tools;C:\Users\Breno\AppData\Local\Programs\Python\Python36\Scripts;C:\Users\Breno\AppData\Local\Programs\Python\Python36;C:\software\RailsInstaller\Git\cmd;C:\software\RailsInstaller\Ruby2.3.0\bin;C:\Users\Breno.Breno-PC\AppData\Roaming\npm;C:\Program Files (x86)\Google\google_appengine;C:\Users\Breno\AppData\Local\Google\Cloud SDK\google-cloud-sdk\bin;C:\Users\Breno\AppData\Roaming\npm;C:\Program Files\Docker Toolbox;C:\Program Files\Microsoft VS Code\bin
567 verbose lifecycle time@0.12.0~install: CWD: C:\Users\Breno\Dropbox\Development\magy\server\automating\node_modules\time
568 silly lifecycle time@0.12.0~install: Args: [ '/d /s /c', 'node-gyp rebuild' ]
569 silly lifecycle time@0.12.0~install: Returned: code: 1  signal: null
570 info lifecycle time@0.12.0~install: Failed to exec install script
571 verbose unlock done using C:\Users\Breno\AppData\Roaming\npm-cache\_locks\staging-b74cd492fca41476.lock for C:\Users\Breno\Dropbox\Development\magy\server\automating\node_modules\.staging
572 silly rollbackFailedOptional Starting
573 silly rollbackFailedOptional Finishing
574 silly runTopLevelLifecycles Finishing
575 silly install printInstalled
576 warn enoent ENOENT: no such file or directory, open 'C:\Users\Breno\Dropbox\Development\magy\server\automating\package.json'
577 verbose enoent ENOENT: no such file or directory, open 'C:\Users\Breno\Dropbox\Development\magy\server\automating\package.json'
577 verbose enoent This is most likely not a problem with npm itself
577 verbose enoent and is related to npm not being able to find a file.
578 warn automating No description
579 verbose If you need help, you may report this error at:
579 verbose     <https://github.com/npm/npm/issues>
580 warn automating No repository field.
581 verbose If you need help, you may report this error at:
581 verbose     <https://github.com/npm/npm/issues>
582 warn automating No README data
583 verbose If you need help, you may report this error at:
583 verbose     <https://github.com/npm/npm/issues>
584 warn automating No license field.
585 verbose If you need help, you may report this error at:
585 verbose     <https://github.com/npm/npm/issues>
586 verbose stack Error: time@0.12.0 install: `node-gyp rebuild`
586 verbose stack Exit status 1
586 verbose stack     at EventEmitter.<anonymous> (C:\Program Files\nodejs\node_modules\npm\lib\utils\lifecycle.js:255:16)
586 verbose stack     at emitTwo (events.js:106:13)
586 verbose stack     at EventEmitter.emit (events.js:191:7)
586 verbose stack     at ChildProcess.<anonymous> (C:\Program Files\nodejs\node_modules\npm\lib\utils\spawn.js:40:14)
586 verbose stack     at emitTwo (events.js:106:13)
586 verbose stack     at ChildProcess.emit (events.js:191:7)
586 verbose stack     at maybeClose (internal/child_process.js:891:16)
586 verbose stack     at Process.ChildProcess._handle.onexit (internal/child_process.js:226:5)
587 verbose pkgid time@0.12.0
588 verbose cwd C:\Users\Breno\Dropbox\Development\magy\server\automating
589 error Windows_NT 6.1.7601
590 error argv "C:\\Program Files\\nodejs\\node.exe" "C:\\Program Files\\nodejs\\node_modules\\npm\\bin\\npm-cli.js" "install" "time"
591 error node v6.11.1
592 error npm  v3.10.10
593 error code ELIFECYCLE
594 error time@0.12.0 install: `node-gyp rebuild`
594 error Exit status 1
595 error Failed at the time@0.12.0 install script 'node-gyp rebuild'.
595 error Make sure you have the latest version of node.js and npm installed.
595 error If you do, this is most likely a problem with the time package,
595 error not with npm itself.
595 error Tell the author that this fails on your system:
595 error     node-gyp rebuild
595 error You can get information on how to open an issue for this project with:
595 error     npm bugs time
595 error Or if that isn't available, you can get their info via:
595 error     npm owner ls time
595 error There is likely additional logging output above.
596 verbose exit [ 1, true ]
